<?xml version="1.0" encoding="UTF-8"?>
<testsuite xmlns:xsi="http://www.w3.org/2001/XMLSchema-instance" xsi:noNamespaceSchemaLocation="https://maven.apache.org/surefire/maven-surefire-plugin/xsd/surefire-test-report.xsd" version="3.0.2" name="com.backendguru.product.ProductServiceApplicationTests" time="46.956" tests="1" errors="0" skipped="0" failures="0">
  <properties>
[...]
</properties>
  <testcase name="contextLoads" classname="com.backendguru.product.ProductServiceApplicationTests" time="0.652">
    <system-out><![CDATA[15:42:56.584 [main] INFO org.testcontainers.images.PullPolicy -- Image pull policy will be performed by: DefaultPullPolicy()
15:42:56.596 [main] INFO org.testcontainers.utility.ImageNameSubstitutor -- Image name substitution will be performed by: DefaultImageNameSubstitutor (composite of 'ConfigurationFileImageNameSubstitutor' and 'PrefixingImageNameSubstitutor')
15:42:56.709 [main] INFO org.testcontainers.DockerClientFactory -- Testcontainers version: 1.20.6
15:42:57.214 [main] INFO org.testcontainers.dockerclient.DockerClientProviderStrategy -- Loaded org.testcontainers.dockerclient.NpipeSocketClientProviderStrategy from ~/.testcontainers.properties, will try it first
15:42:57.687 [main] INFO org.testcontainers.dockerclient.DockerClientProviderStrategy -- Found Docker environment with local Npipe socket (npipe:////./pipe/docker_engine)
15:42:57.689 [main] INFO org.testcontainers.DockerClientFactory -- Docker host IP address is localhost
15:42:57.726 [main] INFO org.testcontainers.DockerClientFactory -- Connected to docker: 
  Server Version: 27.1.1
  API Version: 1.46
  Operating System: Docker Desktop
  Total Memory: 7833 MB
  Labels: 
    com.docker.desktop.address=npipe://\\.\pipe\docker_cli
15:42:57.799 [main] INFO tc.testcontainers/ryuk:0.11.0 -- Pulling docker image: testcontainers/ryuk:0.11.0. Please be patient; this may take some time but only needs to be done once.
15:42:57.990 [main] INFO org.testcontainers.utility.RegistryAuthLocator -- Credential helper/store (docker-credential-desktop) does not have credentials for https://index.docker.io/v1/
15:43:00.733 [docker-java-stream--1327023394] INFO tc.testcontainers/ryuk:0.11.0 -- Starting to pull image
15:43:00.798 [docker-java-stream--1327023394] INFO tc.testcontainers/ryuk:0.11.0 -- Pulling image layers:  0 pending,  0 downloaded,  0 extracted, (0 bytes/0 bytes)
15:43:03.471 [docker-java-stream--1327023394] INFO tc.testcontainers/ryuk:0.11.0 -- Pulling image layers:  2 pending,  1 downloaded,  0 extracted, (2 MB/? MB)
15:43:05.320 [docker-java-stream--1327023394] INFO tc.testcontainers/ryuk:0.11.0 -- Pulling image layers:  1 pending,  2 downloaded,  0 extracted, (6 MB/? MB)
15:43:05.849 [docker-java-stream--1327023394] INFO tc.testcontainers/ryuk:0.11.0 -- Pulling image layers:  1 pending,  2 downloaded,  1 extracted, (7 MB/? MB)
15:43:06.135 [docker-java-stream--1327023394] INFO tc.testcontainers/ryuk:0.11.0 -- Pulling image layers:  1 pending,  2 downloaded,  2 extracted, (8 MB/? MB)
15:43:07.096 [docker-java-stream--1327023394] INFO tc.testcontainers/ryuk:0.11.0 -- Pulling image layers:  0 pending,  3 downloaded,  2 extracted, (10 MB/10 MB)
15:43:07.213 [docker-java-stream--1327023394] INFO tc.testcontainers/ryuk:0.11.0 -- Pulling image layers:  0 pending,  3 downloaded,  3 extracted, (10 MB/10 MB)
15:43:07.273 [docker-java-stream--1327023394] INFO tc.testcontainers/ryuk:0.11.0 -- Pull complete. 3 layers, pulled in 6s (downloaded 10 MB at 1 MB/s)
15:43:07.274 [main] INFO tc.testcontainers/ryuk:0.11.0 -- Image testcontainers/ryuk:0.11.0 pull took PT9.4733561S
15:43:07.355 [main] INFO tc.testcontainers/ryuk:0.11.0 -- Creating container for image: testcontainers/ryuk:0.11.0
15:43:07.789 [main] INFO tc.testcontainers/ryuk:0.11.0 -- Container testcontainers/ryuk:0.11.0 is starting: 3c2936c6b1b057cb62b745209095d4a15e9eb2276b185df9e089807887e2c779
15:43:08.478 [main] INFO tc.testcontainers/ryuk:0.11.0 -- Container testcontainers/ryuk:0.11.0 started in PT1.1227807S
15:43:08.496 [main] INFO org.testcontainers.utility.RyukResourceReaper -- Ryuk started - will monitor and terminate Testcontainers containers on JVM exit
15:43:08.497 [main] INFO org.testcontainers.DockerClientFactory -- Checking the system...
15:43:08.498 [main] INFO org.testcontainers.DockerClientFactory -- ✔︎ Docker server version should be at least 1.6.0
15:43:08.506 [main] INFO tc.mysql:8.0 -- Creating container for image: mysql:8.0
15:43:08.715 [main] INFO tc.mysql:8.0 -- Container mysql:8.0 is starting: 895040e06f464919b2d26becabb94e77a1ad70e32ab8ebb4f5abc0e7d2f42eac
15:43:09.197 [main] INFO tc.mysql:8.0 -- Waiting for database connection to become available at jdbc:mysql://localhost:54671/test using query 'SELECT 1'
15:43:34.529 [main] INFO tc.mysql:8.0 -- Container mysql:8.0 started in PT26.0228749S
15:43:34.530 [main] INFO tc.mysql:8.0 -- Container is started (JDBC URL: jdbc:mysql://localhost:54671/test)
15:43:34.748 [main] INFO org.springframework.test.context.support.AnnotationConfigContextLoaderUtils -- Could not detect default configuration classes for test class [com.backendguru.product.ProductServiceApplicationTests]: ProductServiceApplicationTests does not declare any static, non-private, non-final, nested classes annotated with @Configuration.
15:43:35.066 [main] INFO org.springframework.boot.test.context.SpringBootTestContextBootstrapper -- Found @SpringBootConfiguration com.backendguru.product.ProductApplication for test class com.backendguru.product.ProductServiceApplicationTests

  .   ____          _            __ _ _
 /\\ / ___'_ __ _ _(_)_ __  __ _ \ \ \ \
( ( )\___ | '_ | '_| | '_ \/ _` | \ \ \ \
 \\/  ___)| |_)| | | | | || (_| |  ) ) ) )
  '  |____| .__|_| |_|_| |_\__, | / / / /
 =========|_|==============|___/=/_/_/_/

 :: Spring Boot ::                (v3.4.5)

2025-05-22T15:43:35.878+03:00  INFO 6836 --- [product-service] [           main] c.b.p.ProductServiceApplicationTests     : Starting ProductServiceApplicationTests using Java 21.0.1 with PID 6836 (started by Hakan in D:\_Yazilim\Backend GURU\Spring Boot 3-Cloud ile Mikrosevis Mimarisi\practices\odev01-productservice-dockerize-etme-hakancivelek\product-service)
2025-05-22T15:43:35.880+03:00  INFO 6836 --- [product-service] [           main] c.b.p.ProductServiceApplicationTests     : No active profile set, falling back to 1 default profile: "default"
2025-05-22T15:43:36.952+03:00  INFO 6836 --- [product-service] [           main] .s.d.r.c.RepositoryConfigurationDelegate : Bootstrapping Spring Data JPA repositories in DEFAULT mode.
2025-05-22T15:43:37.040+03:00  INFO 6836 --- [product-service] [           main] .s.d.r.c.RepositoryConfigurationDelegate : Finished Spring Data repository scanning in 72 ms. Found 1 JPA repository interface.
2025-05-22T15:43:37.800+03:00  INFO 6836 --- [product-service] [           main] o.hibernate.jpa.internal.util.LogHelper  : HHH000204: Processing PersistenceUnitInfo [name: default]
2025-05-22T15:43:37.935+03:00  INFO 6836 --- [product-service] [           main] org.hibernate.Version                    : HHH000412: Hibernate ORM core version 6.6.13.Final
2025-05-22T15:43:38.002+03:00  INFO 6836 --- [product-service] [           main] o.h.c.internal.RegionFactoryInitiator    : HHH000026: Second-level cache disabled
2025-05-22T15:43:38.440+03:00  INFO 6836 --- [product-service] [           main] o.s.o.j.p.SpringPersistenceUnitInfo      : No LoadTimeWeaver setup: ignoring JPA class transformer
2025-05-22T15:43:38.490+03:00  INFO 6836 --- [product-service] [           main] com.zaxxer.hikari.HikariDataSource       : HikariPool-1 - Starting...
2025-05-22T15:43:38.918+03:00  INFO 6836 --- [product-service] [           main] com.zaxxer.hikari.pool.HikariPool        : HikariPool-1 - Added connection com.mysql.cj.jdbc.ConnectionImpl@1dadd172
2025-05-22T15:43:38.921+03:00  INFO 6836 --- [product-service] [           main] com.zaxxer.hikari.HikariDataSource       : HikariPool-1 - Start completed.
2025-05-22T15:43:38.988+03:00  WARN 6836 --- [product-service] [           main] org.hibernate.orm.deprecation            : HHH90000025: MySQLDialect does not need to be specified explicitly using 'hibernate.dialect' (remove the property setting and it will be selected by default)
2025-05-22T15:43:39.021+03:00  INFO 6836 --- [product-service] [           main] org.hibernate.orm.connections.pooling    : HHH10001005: Database info:
	Database JDBC URL [Connecting through datasource 'HikariDataSource (HikariPool-1)']
	Database driver: undefined/unknown
	Database version: 8.0.42
	Autocommit mode: undefined/unknown
	Isolation level: undefined/unknown
	Minimum pool size: undefined/unknown
	Maximum pool size: undefined/unknown
2025-05-22T15:43:40.295+03:00  INFO 6836 --- [product-service] [           main] o.h.e.t.j.p.i.JtaPlatformInitiator       : HHH000489: No JTA platform available (set 'hibernate.transaction.jta.platform' to enable JTA platform integration)
2025-05-22T15:43:40.440+03:00  INFO 6836 --- [product-service] [           main] j.LocalContainerEntityManagerFactoryBean : Initialized JPA EntityManagerFactory for persistence unit 'default'
2025-05-22T15:43:41.127+03:00  WARN 6836 --- [product-service] [           main] JpaBaseConfiguration$JpaWebConfiguration : spring.jpa.open-in-view is enabled by default. Therefore, database queries may be performed during view rendering. Explicitly configure spring.jpa.open-in-view to disable this warning
2025-05-22T15:43:41.919+03:00  INFO 6836 --- [product-service] [           main] c.b.p.ProductServiceApplicationTests     : Started ProductServiceApplicationTests in 6.617 seconds (process running for 46.628)
]]></system-out>
    <system-err><![CDATA[Mockito is currently self-attaching to enable the inline-mock-maker. This will no longer work in future releases of the JDK. Please add Mockito as an agent to your build what is described in Mockito's documentation: https://javadoc.io/doc/org.mockito/mockito-core/latest/org/mockito/Mockito.html#0.3
WARNING: A Java agent has been loaded dynamically (C:\Users\Hakan\.m2\repository\net\bytebuddy\byte-buddy-agent\1.15.11\byte-buddy-agent-1.15.11.jar)
WARNING: If a serviceability tool is in use, please run with -XX:+EnableDynamicAgentLoading to hide this warning
WARNING: If a serviceability tool is not in use, please run with -Djdk.instrument.traceUsage for more information
WARNING: Dynamic loading of agents will be disallowed by default in a future release
]]></system-err>
  </testcase>
</testsuite>